<?xml version="1.0" encoding="UTF-8"?>
<!-- Generated by org.testng.reporters.JUnitReportReporter -->
<testsuite skipped="0" hostname="jaragon-pk" name="pkg.GoogleSearch" tests="1" failures="0" timestamp="09 jul 2019 15:42:01 GMT" time="9.465" errors="0">
  <testcase name="getMyClass" time="9.465" classname="pkg.GoogleSearch"/>
</testsuite> <!-- pkg.GoogleSearch -->
