<?xml version="1.0" encoding="UTF-8"?>
<!-- Generated by org.testng.reporters.JUnitReportReporter -->
<testsuite skipped="0" hostname="LAPTOP-6G1N2P8H" name="com.appleTest.Auto.mainApple" tests="1" failures="0" timestamp="13 may 2019 21:08:06 GMT" time="15.279" errors="0">
  <testcase name="searchSCOne" time="15.279" classname="com.appleTest.Auto.mainApple"/>
</testsuite> <!-- com.appleTest.Auto.mainApple -->
