<?xml version="1.0" encoding="UTF-8"?>
<!-- Generated by org.testng.reporters.JUnitReportReporter -->
<testsuite skipped="0" hostname="LAPTOP-6G1N2P8H" name="com.qa.test.SearchTest" tests="1" failures="0" timestamp="07 may 2019 19:35:54 GMT" time="5.156" errors="0">
  <testcase name="testGooglePage" time="5.156" classname="com.qa.test.SearchTest"/>
</testsuite> <!-- com.qa.test.SearchTest -->
