<?xml version="1.0" encoding="UTF-8"?>
<!-- Generated by org.testng.reporters.JUnitReportReporter -->
<testsuite skipped="0" hostname="LAPTOP-6G1N2P8H" name="com.qa.test.DataDrivenTesting" tests="1" failures="0" timestamp="08 may 2019 18:28:35 GMT" time="10.508" errors="0">
  <testcase name="test" time="10.508" classname="com.qa.test.DataDrivenTesting"/>
</testsuite> <!-- com.qa.test.DataDrivenTesting -->
