<?xml version="1.0" encoding="UTF-8"?>
<!-- Generated by org.testng.reporters.JUnitReportReporter -->
<testsuite skipped="0" hostname="LAPTOP-6G1N2P8H" name="com.qa.test.MercuryTours_AT" tests="1" failures="0" timestamp="07 may 2019 23:00:38 GMT" time="3.744" errors="0">
  <testcase name="signIn" time="3.744" classname="com.qa.test.MercuryTours_AT"/>
</testsuite> <!-- com.qa.test.MercuryTours_AT -->
